<?xml version="1.0" encoding="UTF-8"?>
<!-- Generated by org.testng.reporters.JUnitXMLReporter -->
<testsuite hostname="VAMAHAJA-GYQR1" name="Default test" tests="3" failures="0" timestamp="27 Feb 2018 17:39:04 GMT" time="0.505" errors="0">
  <testcase name="testNFVDeploymentObject" time="0.107" classname="org.bytegeeks.audit.ModelComparatorTest"/>
  <testcase name="testNFVDeploymentObjectIgnoreAdminRule" time="0.036" classname="org.bytegeeks.audit.ModelComparatorTest"/>
  <testcase name="testPlainListIndex" time="0.01" classname="org.bytegeeks.audit.ModelComparatorTest"/>
</testsuite> <!-- Default test -->
