<?xml version="1.0" encoding="UTF-8"?>
<testng-results skipped="0" failed="0" total="3" passed="3">
  <reporter-output>
  </reporter-output>
  <suite name="Default suite" duration-ms="505" started-at="2018-02-27T23:09:03Z" finished-at="2018-02-27T23:09:04Z">
    <groups>
    </groups>
    <test name="Default test" duration-ms="505" started-at="2018-02-27T23:09:03Z" finished-at="2018-02-27T23:09:04Z">
      <class name="org.bytegeeks.audit.ModelComparatorTest">
        <test-method status="PASS" signature="setup()[pri:0, instance:org.bytegeeks.audit.ModelComparatorTest@6d8a00e3]" name="setup" is-config="true" duration-ms="311" started-at="2018-02-27T23:09:03Z" finished-at="2018-02-27T23:09:04Z">
        </test-method> <!-- setup -->
        <test-method status="PASS" signature="testNFVDeploymentObject()[pri:0, instance:org.bytegeeks.audit.ModelComparatorTest@6d8a00e3]" name="testNFVDeploymentObject" duration-ms="107" started-at="2018-02-27T23:09:04Z" finished-at="2018-02-27T23:09:04Z">
        </test-method> <!-- testNFVDeploymentObject -->
        <test-method status="PASS" signature="setup()[pri:0, instance:org.bytegeeks.audit.ModelComparatorTest@6d8a00e3]" name="setup" is-config="true" duration-ms="9" started-at="2018-02-27T23:09:04Z" finished-at="2018-02-27T23:09:04Z">
        </test-method> <!-- setup -->
        <test-method status="PASS" signature="testNFVDeploymentObjectIgnoreAdminRule()[pri:0, instance:org.bytegeeks.audit.ModelComparatorTest@6d8a00e3]" name="testNFVDeploymentObjectIgnoreAdminRule" duration-ms="36" started-at="2018-02-27T23:09:04Z" finished-at="2018-02-27T23:09:04Z">
        </test-method> <!-- testNFVDeploymentObjectIgnoreAdminRule -->
        <test-method status="PASS" signature="setup()[pri:0, instance:org.bytegeeks.audit.ModelComparatorTest@6d8a00e3]" name="setup" is-config="true" duration-ms="9" started-at="2018-02-27T23:09:04Z" finished-at="2018-02-27T23:09:04Z">
        </test-method> <!-- setup -->
        <test-method status="PASS" signature="testPlainListIndex()[pri:0, instance:org.bytegeeks.audit.ModelComparatorTest@6d8a00e3]" name="testPlainListIndex" duration-ms="10" started-at="2018-02-27T23:09:04Z" finished-at="2018-02-27T23:09:04Z">
        </test-method> <!-- testPlainListIndex -->
      </class> <!-- org.bytegeeks.audit.ModelComparatorTest -->
    </test> <!-- Default test -->
  </suite> <!-- Default suite -->
</testng-results>
